<?xml version="1.0" encoding="UTF-8"?>
<!-- Generated by org.testng.reporters.JUnitReportReporter -->
<testsuite hostname="Mac.lan" failures="0" tests="1" name="com.example.GoogleTest" time="0.767" errors="0" timestamp="2025-07-05T23:07:49 IST" skipped="0">
  <testcase classname="com.example.GoogleTest" name="testGoogle" time="0.767"/>
</testsuite> <!-- com.example.GoogleTest -->
